The target system is: Emscripten - 1 - x86
The host system is: Windows - 10.0.22000 - AMD64
Performing C++ SOURCE FILE Test HAVE_STDATOMIC succeeded with the following output:
Change Dir: C:/Users/scott/Documents/DEVELOPMENT/c++/QT6_2_0/build-jps-company-WebAssembly_Qt_6_3_0-Release/CMakeFiles/CMakeTmp

Run Build Command(s):C:/Qt/Tools/Ninja/ninja.exe cmTC_f6de0 && [1/2] Building CXX object CMakeFiles/cmTC_f6de0.dir/src.cxx.o
[2/2] Linking CXX executable cmTC_f6de0.js


Source file was:
#include <atomic>
#include <cstdint>

void test(volatile std::atomic<std::int64_t> &a)
{
    std::int64_t v = a.load(std::memory_order_acquire);
    while (!a.compare_exchange_strong(v, v + 1,
                                      std::memory_order_acq_rel,
                                      std::memory_order_acquire)) {
        v = a.exchange(v - 1);
    }
    a.store(v + 1, std::memory_order_release);
}

int main(int, char **)
{
    void *ptr = (void*)0xffffffc0; // any random pointer
    test(*reinterpret_cast<std::atomic<std::int64_t> *>(ptr));
    return 0;
}
Performing C++ SOURCE FILE Test HAVE_GETTIME succeeded with the following output:
Change Dir: C:/Users/scott/Documents/DEVELOPMENT/c++/QT6_2_0/build-jps-company-WebAssembly_Qt_6_3_0-Release/CMakeFiles/CMakeTmp

Run Build Command(s):C:/Qt/Tools/Ninja/ninja.exe cmTC_6e856 && [1/2] Building CXX object CMakeFiles/cmTC_6e856.dir/src.cxx.o
[2/2] Linking CXX executable cmTC_6e856.js


Source file was:

#include <unistd.h>
#include <time.h>

int main(int, char **) {
    timespec ts; clock_gettime(CLOCK_REALTIME, &ts);
}
Performing C++ SOURCE FILE Test HAVE_EGL succeeded with the following output:
Change Dir: C:/Users/scott/Documents/DEVELOPMENT/c++/QT6_2_0/build-jps-company-WebAssembly_Qt_6_3_0-Release/CMakeFiles/CMakeTmp

Run Build Command(s):C:/Qt/Tools/Ninja/ninja.exe cmTC_1bcf8 && [1/2] Building CXX object CMakeFiles/cmTC_1bcf8.dir/src.cxx.o
[2/2] Linking CXX executable cmTC_1bcf8.js


Source file was:

#include <EGL/egl.h>

int main(int, char **) {
    EGLint x = 0; EGLDisplay dpy = 0; EGLContext ctx = 0;
    eglDestroyContext(dpy, ctx);
}
